<?xml version="1.0" encoding="UTF-8"?>
<!-- Generated by org.testng.reporters.JUnitReportReporter -->
<testsuite hostname="LAPTOP-82ENNB55" failures="0" tests="1" name="automation.extentreport" time="7.034" errors="0" timestamp="2021-10-29T16:23:43 GMT-04:00" skipped="0">
  <testcase classname="automation.extentreport" name="orangeLogin" time="7.034"/>
  <system-out/>
</testsuite> <!-- automation.extentreport -->
